Using pre-set license
Built from '2022.3/china_unity/release' branch; Version is '2022.3.17f1c1 (a01dafa986ec) revision 10493359'; Using compiler version '192829333'; Build Type 'Release'
OS: 'Windows 11  (10.0.26100) 64bit Core' Language: 'zh' Physical Memory: 16191 MB
BatchMode: 1, IsHumanControllingUs: 0, StartBugReporterOnCrash: 0, Is64bit: 1, IsPro: 1

COMMAND LINE ARGUMENTS:
G:\Unity 2021.1.0f1c1\2022.3.17f1c1\Editor\Unity.exe
-adb2
-batchMode
-noUpm
-name
AssetImportWorker3
-projectPath
G:/Unity 2021.1.0f1c1/Tank
-logFile
Logs/AssetImportWorker3.log
-srvPort
4293
Successfully changed project path to: G:/Unity 2021.1.0f1c1/Tank
G:/Unity 2021.1.0f1c1/Tank
[UnityMemory] Configuration Parameters - Can be set up in boot.config
    "memorysetup-bucket-allocator-granularity=16"
    "memorysetup-bucket-allocator-bucket-count=8"
    "memorysetup-bucket-allocator-block-size=33554432"
    "memorysetup-bucket-allocator-block-count=8"
    "memorysetup-main-allocator-block-size=16777216"
    "memorysetup-thread-allocator-block-size=16777216"
    "memorysetup-gfx-main-allocator-block-size=16777216"
    "memorysetup-gfx-thread-allocator-block-size=16777216"
    "memorysetup-cache-allocator-block-size=4194304"
    "memorysetup-typetree-allocator-block-size=2097152"
    "memorysetup-profiler-bucket-allocator-granularity=16"
    "memorysetup-profiler-bucket-allocator-bucket-count=8"
    "memorysetup-profiler-bucket-allocator-block-size=33554432"
    "memorysetup-profiler-bucket-allocator-block-count=8"
    "memorysetup-profiler-allocator-block-size=16777216"
    "memorysetup-profiler-editor-allocator-block-size=1048576"
    "memorysetup-temp-allocator-size-main=16777216"
    "memorysetup-job-temp-allocator-block-size=2097152"
    "memorysetup-job-temp-allocator-block-size-background=1048576"
    "memorysetup-job-temp-allocator-reduction-small-platforms=262144"
    "memorysetup-allocator-temp-initial-block-size-main=262144"
    "memorysetup-allocator-temp-initial-block-size-worker=262144"
    "memorysetup-temp-allocator-size-background-worker=32768"
    "memorysetup-temp-allocator-size-job-worker=262144"
    "memorysetup-temp-allocator-size-preload-manager=33554432"
    "memorysetup-temp-allocator-size-nav-mesh-worker=65536"
    "memorysetup-temp-allocator-size-audio-worker=65536"
    "memorysetup-temp-allocator-size-cloud-worker=32768"
    "memorysetup-temp-allocator-size-gi-baking-worker=262144"
    "memorysetup-temp-allocator-size-gfx=262144"
Player connection [21224] Host "[IP] 192.168.140.1 [Port] 0 [Flags] 2 [Guid] 4052053139 [EditorId] 4052053139 [Version] 1048832 [Id] WindowsEditor(7,DrMikey) [Debug] 1 [PackageName] WindowsEditor [ProjectName] Editor" joined multi-casting on [225.0.0.222:54997]...

Player connection [21224] Host "[IP] 192.168.140.1 [Port] 0 [Flags] 2 [Guid] 4052053139 [EditorId] 4052053139 [Version] 1048832 [Id] WindowsEditor(7,DrMikey) [Debug] 1 [PackageName] WindowsEditor [ProjectName] Editor" joined alternative multi-casting on [225.0.0.222:34997]...

[Physics::Module] Initialized MultithreadedJobDispatcher with 31 workers.
Refreshing native plugins compatible for Editor in 17.51 ms, found 3 plugins.
Preloading 0 native plugins for Editor in 0.00 ms.
Initialize engine version: 2022.3.17f1c1 (a01dafa986ec)
[Subsystems] Discovering subsystems at path G:/Unity 2021.1.0f1c1/2022.3.17f1c1/Editor/Data/Resources/UnitySubsystems
[Subsystems] Discovering subsystems at path G:/Unity 2021.1.0f1c1/Tank/Assets
GfxDevice: creating device client; threaded=0; jobified=0
Direct3D:
    Version:  Direct3D 11.0 [level 11.1]
    Renderer: NVIDIA GeForce RTX 4060 Laptop GPU (ID=0x28e0)
    Vendor:   NVIDIA
    VRAM:     7956 MB
    Driver:   32.0.15.9186
Initialize mono
Mono path[0] = 'G:/Unity 2021.1.0f1c1/2022.3.17f1c1/Editor/Data/Managed'
Mono path[1] = 'G:/Unity 2021.1.0f1c1/2022.3.17f1c1/Editor/Data/MonoBleedingEdge/lib/mono/unityjit-win32'
Mono config path = 'G:/Unity 2021.1.0f1c1/2022.3.17f1c1/Editor/Data/MonoBleedingEdge/etc'
Using monoOptions --debugger-agent=transport=dt_socket,embedding=1,server=y,suspend=n,address=127.0.0.1:56568
Begin MonoManager ReloadAssembly
Registering precompiled unity dll's ...
Register platform support module: G:/Unity 2021.1.0f1c1/2022.3.17f1c1/Editor/Data/PlaybackEngines/WebGLSupport/UnityEditor.WebGL.Extensions.dll
Register platform support module: G:/Unity 2021.1.0f1c1/2022.3.17f1c1/Editor/Data/PlaybackEngines/AndroidPlayer/UnityEditor.Android.Extensions.dll
Register platform support module: G:/Unity 2021.1.0f1c1/2022.3.17f1c1/Editor/Data/PlaybackEngines/iOSSupport/UnityEditor.iOS.Extensions.dll
Register platform support module: G:/Unity 2021.1.0f1c1/2022.3.17f1c1/Editor/Data/PlaybackEngines/WindowsStandaloneSupport/UnityEditor.WindowsStandalone.Extensions.dll
Register platform support module: G:/Unity 2021.1.0f1c1/2022.3.17f1c1/Editor/Data/PlaybackEngines/MetroSupport/UnityEditor.UWP.Extensions.dll
Registered in 0.021049 seconds.
- Loaded All Assemblies, in  0.329 seconds
Native extension for UWP target not found
Native extension for WindowsStandalone target not found
[usbmuxd] Start listen thread
[usbmuxd] Listen thread started
Native extension for iOS target not found
Native extension for Android target not found
Android Extension - Scanning For ADB Devices 274 ms
Native extension for WebGL target not found
Mono: successfully reloaded assembly
- Finished resetting the current domain, in  0.496 seconds
Domain Reload Profiling: 817ms
	BeginReloadAssembly (118ms)
		ExecutionOrderSort (0ms)
		DisableScriptedObjects (0ms)
		BackupInstance (0ms)
		ReleaseScriptingObjects (0ms)
		CreateAndSetChildDomain (0ms)
	RebuildCommonClasses (23ms)
	RebuildNativeTypeToScriptingClass (6ms)
	initialDomainReloadingComplete (65ms)
	LoadAllAssembliesAndSetupDomain (109ms)
		LoadAssemblies (113ms)
		RebuildTransferFunctionScriptingTraits (0ms)
		AnalyzeDomain (105ms)
			TypeCache.Refresh (104ms)
				TypeCache.ScanAssembly (95ms)
			ScanForSourceGeneratedMonoScriptInfo (0ms)
			ResolveRequiredComponents (0ms)
	FinalizeReload (497ms)
		ReleaseScriptCaches (0ms)
		RebuildScriptCaches (0ms)
		SetupLoadedEditorAssemblies (463ms)
			LogAssemblyErrors (0ms)
			InitializePlatformSupportModulesInManaged (364ms)
			SetLoadedEditorAssemblies (2ms)
			RefreshPlugins (0ms)
			BeforeProcessingInitializeOnLoad (1ms)
			ProcessInitializeOnLoadAttributes (64ms)
			ProcessInitializeOnLoadMethodAttributes (30ms)
			AfterProcessingInitializeOnLoad (0ms)
			EditorAssembliesLoaded (0ms)
		ExecutionOrderSort2 (0ms)
		AwakeInstancesAfterBackupRestoration (0ms)
========================================================================
Worker process is ready to serve import requests
Begin MonoManager ReloadAssembly
- Loaded All Assemblies, in  0.577 seconds
Refreshing native plugins compatible for Editor in 8.27 ms, found 3 plugins.
Native extension for UWP target not found
Native extension for WindowsStandalone target not found
Native extension for iOS target not found
Native extension for Android target not found
Native extension for WebGL target not found
Package Manager log level set to [2]
[Package Manager] Server::EnsureServerProcessIsRunning -- launch failed, reason: Unity was launched with the -noUpm command-line argument
[Package Manager] UpmClient::Send -- Unable to send message (not connected to UPM process).
[Package Manager] Cannot connect to Unity Package Manager local server
Mono: successfully reloaded assembly
- Finished resetting the current domain, in  0.430 seconds
Domain Reload Profiling: 996ms
	BeginReloadAssembly (156ms)
		ExecutionOrderSort (0ms)
		DisableScriptedObjects (3ms)
		BackupInstance (0ms)
		ReleaseScriptingObjects (0ms)
		CreateAndSetChildDomain (14ms)
	RebuildCommonClasses (24ms)
	RebuildNativeTypeToScriptingClass (6ms)
	initialDomainReloadingComplete (46ms)
	LoadAllAssembliesAndSetupDomain (333ms)
		LoadAssemblies (324ms)
		RebuildTransferFunctionScriptingTraits (0ms)
		AnalyzeDomain (119ms)
			TypeCache.Refresh (106ms)
				TypeCache.ScanAssembly (94ms)
			ScanForSourceGeneratedMonoScriptInfo (9ms)
			ResolveRequiredComponents (2ms)
	FinalizeReload (431ms)
		ReleaseScriptCaches (0ms)
		RebuildScriptCaches (0ms)
		SetupLoadedEditorAssemblies (337ms)
			LogAssemblyErrors (0ms)
			InitializePlatformSupportModulesInManaged (36ms)
			SetLoadedEditorAssemblies (3ms)
			RefreshPlugins (0ms)
			BeforeProcessingInitializeOnLoad (54ms)
			ProcessInitializeOnLoadAttributes (214ms)
			ProcessInitializeOnLoadMethodAttributes (14ms)
			AfterProcessingInitializeOnLoad (17ms)
			EditorAssembliesLoaded (0ms)
		ExecutionOrderSort2 (0ms)
		AwakeInstancesAfterBackupRestoration (7ms)
Launched and connected shader compiler UnityShaderCompiler.exe after 0.05 seconds
Refreshing native plugins compatible for Editor in 24.93 ms, found 3 plugins.
Preloading 0 native plugins for Editor in 0.00 ms.
Unloading 3100 Unused Serialized files (Serialized files now loaded: 0)
Unloading 32 unused Assets / (57.2 KB). Loaded Objects now: 3566.
Memory consumption went from 130.4 MB to 130.4 MB.
Total: 2.727000 ms (FindLiveObjects: 0.174200 ms CreateObjectMapping: 0.069400 ms MarkObjects: 2.399000 ms  DeleteObjects: 0.083400 ms)

AssetImportParameters requested are different than current active one (requested -> active):
  custom:container-demuxer-ogg: 62fdf1f143b41e24485cea50d1cbac27 -> 
  custom:video-codec-MediaFoundation-h265: 746d11721c4dcdbdad8f713fa42b33f4 -> 
  custom:video-decoder-ogg-theora: a1e56fd34408186e4bbccfd4996cb3dc -> 
  custom:framework-win-MediaFoundation: 216162199b28c13a410421893ffa2e32 -> 
  custom:scripting/monoscript/fileName/NewBehaviourScript.cs: b21687ddb03d73bd9f0c1daecb9714de -> 
  custom:CustomObjectIndexerAttribute: 6d391050e5a25f67b0a2c618074f2cd9 -> 
  custom:container-demuxer-webm: 4f35f7cbe854078d1ac9338744f61a02 -> 
  custom:container-muxer-webm: aa71ff27fc2769a1b78a27578f13a17b -> 
  custom:video-decoder-webm-vp8: 9c59270c3fd7afecdb556c50c9e8de78 -> 
  custom:SearchIndexIgnoredProperties: e643bd26f0fe6173181afceb89e7c659 -> 
  custom:AudioImporter_EditorPlatform: d09bf68614088b80899f8185d706f6e7 -> 
  custom:video-encoder-webm-vp8: eb34c28f22e8b96e1ab97ce403110664 -> 
  custom:audio-decoder-ogg-vorbis: bf7c407c2cedff20999df2af8eb42d56 -> 
  custom:audio-encoder-webm-vorbis: bf7c407c2cedff20999df2af8eb42d56 -> 
========================================================================
Received Import Request.
  Time since last request: 64289.227471 seconds.
  path: Assets/ArtRes/TDSTK/Textures&Materials/FireBall 1.png
  artifactKey: Guid(94da86b7758f7a34e8522b8c7afd89f4) Importer(815301076,1909f56bfc062723c751e8b465ee728b)
Start importing Assets/ArtRes/TDSTK/Textures&Materials/FireBall 1.png using Guid(94da86b7758f7a34e8522b8c7afd89f4) Importer(815301076,1909f56bfc062723c751e8b465ee728b)  -> (artifact id: '88b6e74a568b9c413dd8ae69572f846b') in 0.048246 seconds
Number of updated asset objects reloaded before import = 0
Number of asset objects unloaded after import = 2
========================================================================
Received Import Request.
  Time since last request: 1.019469 seconds.
  path: Assets/ArtRes/TDSTK/Icons/Flame.png
  artifactKey: Guid(e3142a0c2f614e4419e9b3f730e44990) Importer(815301076,1909f56bfc062723c751e8b465ee728b)
Start importing Assets/ArtRes/TDSTK/Icons/Flame.png using Guid(e3142a0c2f614e4419e9b3f730e44990) Importer(815301076,1909f56bfc062723c751e8b465ee728b)  -> (artifact id: 'a9e8c494f9a8e0daead8ac81cc0a8347') in 0.028461 seconds
Number of updated asset objects reloaded before import = 0
Number of asset objects unloaded after import = 3
========================================================================
Received Import Request.
  Time since last request: 0.023431 seconds.
  path: Assets/ArtRes/TDSTK/Textures&Materials/Glow_64x64.psd
  artifactKey: Guid(6aa7d113d3b8d3d4cb9d3dacdfd407d5) Importer(815301076,1909f56bfc062723c751e8b465ee728b)
Start importing Assets/ArtRes/TDSTK/Textures&Materials/Glow_64x64.psd using Guid(6aa7d113d3b8d3d4cb9d3dacdfd407d5) Importer(815301076,1909f56bfc062723c751e8b465ee728b)  -> (artifact id: '9cb4c065b20f554bce018c1b2c2ed26f') in 0.008491 seconds
Number of updated asset objects reloaded before import = 0
Number of asset objects unloaded after import = 2
========================================================================
Received Import Request.
  Time since last request: 0.386110 seconds.
  path: Assets/ArtRes/TDSTK/Icons/Temp/Heart.png
  artifactKey: Guid(561d76f4749aa5e48b89547657985e99) Importer(815301076,1909f56bfc062723c751e8b465ee728b)
Start importing Assets/ArtRes/TDSTK/Icons/Temp/Heart.png using Guid(561d76f4749aa5e48b89547657985e99) Importer(815301076,1909f56bfc062723c751e8b465ee728b)  -> (artifact id: '16aa4df5b8c78f51150bf3182eb5e5fd') in 0.011162 seconds
Number of updated asset objects reloaded before import = 0
Number of asset objects unloaded after import = 3
========================================================================
Received Import Request.
  Time since last request: 0.002151 seconds.
  path: Assets/ArtRes/TDSTK/Icons/Temp/LaserBeam.png
  artifactKey: Guid(b98cdc31a6929984ab2774cbbf2b7b7c) Importer(815301076,1909f56bfc062723c751e8b465ee728b)
Start importing Assets/ArtRes/TDSTK/Icons/Temp/LaserBeam.png using Guid(b98cdc31a6929984ab2774cbbf2b7b7c) Importer(815301076,1909f56bfc062723c751e8b465ee728b)  -> (artifact id: 'd6412db7563f40ac1aecc72da14bfabd') in 0.011303 seconds
Number of updated asset objects reloaded before import = 0
Number of asset objects unloaded after import = 3
========================================================================
Received Import Request.
  Time since last request: 0.020314 seconds.
  path: Assets/ArtRes/TDSTK/Icons/QuestionMark.png
  artifactKey: Guid(661116c976608804090a169b8f9fbcc5) Importer(815301076,1909f56bfc062723c751e8b465ee728b)
Start importing Assets/ArtRes/TDSTK/Icons/QuestionMark.png using Guid(661116c976608804090a169b8f9fbcc5) Importer(815301076,1909f56bfc062723c751e8b465ee728b)  -> (artifact id: 'e1cbae693595e6e2cca7468879e16084') in 0.010648 seconds
Number of updated asset objects reloaded before import = 0
Number of asset objects unloaded after import = 3
========================================================================
Received Import Request.
  Time since last request: 0.000020 seconds.
  path: Assets/ArtRes/TDSTK/Icons/Radioactive.png
  artifactKey: Guid(7fc2feeea71aefb4f8a3ec88c93e7e51) Importer(815301076,1909f56bfc062723c751e8b465ee728b)
Start importing Assets/ArtRes/TDSTK/Icons/Radioactive.png using Guid(7fc2feeea71aefb4f8a3ec88c93e7e51) Importer(815301076,1909f56bfc062723c751e8b465ee728b)  -> (artifact id: '34c748ae473cd926051d4244aef76ef7') in 0.013855 seconds
Number of updated asset objects reloaded before import = 0
Number of asset objects unloaded after import = 3
========================================================================
Received Import Request.
  Time since last request: 0.425633 seconds.
  path: Assets/ArtRes/TDSTK/Icons/Temp/Recticle.png
  artifactKey: Guid(fab33f6101716b943ba4cb9207502990) Importer(815301076,1909f56bfc062723c751e8b465ee728b)
Start importing Assets/ArtRes/TDSTK/Icons/Temp/Recticle.png using Guid(fab33f6101716b943ba4cb9207502990) Importer(815301076,1909f56bfc062723c751e8b465ee728b)  -> (artifact id: '49eea39d5dd23f5fe414a78abf03f727') in 0.012475 seconds
Number of updated asset objects reloaded before import = 0
Number of asset objects unloaded after import = 3
========================================================================
Received Import Request.
  Time since last request: 0.489386 seconds.
  path: Assets/ArtRes/TDSTK/UIAssets/UISprites/ShadeV.psd
  artifactKey: Guid(46abc2022232e7a4a9abdc8e333e01fa) Importer(815301076,1909f56bfc062723c751e8b465ee728b)
Start importing Assets/ArtRes/TDSTK/UIAssets/UISprites/ShadeV.psd using Guid(46abc2022232e7a4a9abdc8e333e01fa) Importer(815301076,1909f56bfc062723c751e8b465ee728b)  -> (artifact id: 'e96b2d940f5d9a277b23c59180bd0d3e') in 0.011591 seconds
Number of updated asset objects reloaded before import = 0
Number of asset objects unloaded after import = 3
========================================================================
Received Import Request.
  Time since last request: 3.134748 seconds.
  path: Assets/ArtRes/TDSTK/Textures&Materials/SmokeRing.png
  artifactKey: Guid(ed82187599a5842459213553b782d95e) Importer(815301076,1909f56bfc062723c751e8b465ee728b)
Start importing Assets/ArtRes/TDSTK/Textures&Materials/SmokeRing.png using Guid(ed82187599a5842459213553b782d95e) Importer(815301076,1909f56bfc062723c751e8b465ee728b)  -> (artifact id: 'a3d9ad3119504106ef6e2ab636e6e3a5') in 0.013463 seconds
Number of updated asset objects reloaded before import = 0
Number of asset objects unloaded after import = 2
========================================================================
Received Import Request.
  Time since last request: 0.121245 seconds.
  path: Assets/ArtRes/TDSTK/Icons/Temp/Star.png
  artifactKey: Guid(94420edb7b572ff4984a8791789b8ff7) Importer(815301076,1909f56bfc062723c751e8b465ee728b)
Start importing Assets/ArtRes/TDSTK/Icons/Temp/Star.png using Guid(94420edb7b572ff4984a8791789b8ff7) Importer(815301076,1909f56bfc062723c751e8b465ee728b)  -> (artifact id: '5dd5e9cd3e8a635db433169ab7244b58') in 0.044371 seconds
Number of updated asset objects reloaded before import = 0
Number of asset objects unloaded after import = 3
========================================================================
Received Import Request.
  Time since last request: 0.000175 seconds.
  path: Assets/ArtRes/TDSTK/Textures&Materials/Trail.png
  artifactKey: Guid(4fb925b948bf58d469ceb28c72f5763f) Importer(815301076,1909f56bfc062723c751e8b465ee728b)
Start importing Assets/ArtRes/TDSTK/Textures&Materials/Trail.png using Guid(4fb925b948bf58d469ceb28c72f5763f) Importer(815301076,1909f56bfc062723c751e8b465ee728b)  -> (artifact id: '753817e7550fa88360f47ac4f9bf06d4') in 0.009459 seconds
Number of updated asset objects reloaded before import = 0
Number of asset objects unloaded after import = 2
========================================================================
Received Import Request.
  Time since last request: 0.000386 seconds.
  path: Assets/ArtRes/TDSTK/Textures&Materials/Star.png
  artifactKey: Guid(505b20dae9d53714294681dec999aea3) Importer(815301076,1909f56bfc062723c751e8b465ee728b)
Start importing Assets/ArtRes/TDSTK/Textures&Materials/Star.png using Guid(505b20dae9d53714294681dec999aea3) Importer(815301076,1909f56bfc062723c751e8b465ee728b)  -> (artifact id: 'd3efcdde30f58c93704ab5c185936a6f') in 0.009697 seconds
Number of updated asset objects reloaded before import = 0
Number of asset objects unloaded after import = 2
========================================================================
Received Import Request.
  Time since last request: 0.000222 seconds.
  path: Assets/ArtRes/TDSTK/Icons/Unit_Drone.png
  artifactKey: Guid(55000da6ee415e24f8f0eb0d12a57f1a) Importer(815301076,1909f56bfc062723c751e8b465ee728b)
Start importing Assets/ArtRes/TDSTK/Icons/Unit_Drone.png using Guid(55000da6ee415e24f8f0eb0d12a57f1a) Importer(815301076,1909f56bfc062723c751e8b465ee728b)  -> (artifact id: '5208dc107f0c13b8ee77eab720225a94') in 0.098466 seconds
Number of updated asset objects reloaded before import = 0
Number of asset objects unloaded after import = 3
========================================================================
Received Import Request.
  Time since last request: 0.064188 seconds.
  path: Assets/ArtRes/TDSTK/Icons/Unit_Tower1.png
  artifactKey: Guid(958593780699c4f45a34cc88e709ca51) Importer(815301076,1909f56bfc062723c751e8b465ee728b)
Start importing Assets/ArtRes/TDSTK/Icons/Unit_Tower1.png using Guid(958593780699c4f45a34cc88e709ca51) Importer(815301076,1909f56bfc062723c751e8b465ee728b)  -> (artifact id: 'f347ff98f96c96327a2d4db9d16f99c7') in 0.125770 seconds
Number of updated asset objects reloaded before import = 0
Number of asset objects unloaded after import = 3
Editor requested this worker to shutdown with reason: Scaling down because of idle timeout
TcpMessagingSession - receive error: operation aborted. errorcode: 995, details: 由于线程退出或应用程序请求，已中止 I/O 操作。
AssetImportWorker is now disconnected from the server
Process exiting
Exiting without the bug reporter. Application will terminate with return code 0