Using pre-set license
Built from '2022.3/china_unity/release' branch; Version is '2022.3.17f1c1 (a01dafa986ec) revision 10493359'; Using compiler version '192829333'; Build Type 'Release'
OS: 'Windows 11  (10.0.26100) 64bit Core' Language: 'zh' Physical Memory: 16191 MB
BatchMode: 1, IsHumanControllingUs: 0, StartBugReporterOnCrash: 0, Is64bit: 1, IsPro: 1

COMMAND LINE ARGUMENTS:
G:\Unity 2021.1.0f1c1\2022.3.17f1c1\Editor\Unity.exe
-adb2
-batchMode
-noUpm
-name
AssetImportWorker2
-projectPath
G:/Unity 2021.1.0f1c1/Tank
-logFile
Logs/AssetImportWorker2.log
-srvPort
4293
Successfully changed project path to: G:/Unity 2021.1.0f1c1/Tank
G:/Unity 2021.1.0f1c1/Tank
[UnityMemory] Configuration Parameters - Can be set up in boot.config
    "memorysetup-bucket-allocator-granularity=16"
    "memorysetup-bucket-allocator-bucket-count=8"
    "memorysetup-bucket-allocator-block-size=33554432"
    "memorysetup-bucket-allocator-block-count=8"
    "memorysetup-main-allocator-block-size=16777216"
    "memorysetup-thread-allocator-block-size=16777216"
    "memorysetup-gfx-main-allocator-block-size=16777216"
    "memorysetup-gfx-thread-allocator-block-size=16777216"
    "memorysetup-cache-allocator-block-size=4194304"
    "memorysetup-typetree-allocator-block-size=2097152"
    "memorysetup-profiler-bucket-allocator-granularity=16"
    "memorysetup-profiler-bucket-allocator-bucket-count=8"
    "memorysetup-profiler-bucket-allocator-block-size=33554432"
    "memorysetup-profiler-bucket-allocator-block-count=8"
    "memorysetup-profiler-allocator-block-size=16777216"
    "memorysetup-profiler-editor-allocator-block-size=1048576"
    "memorysetup-temp-allocator-size-main=16777216"
    "memorysetup-job-temp-allocator-block-size=2097152"
    "memorysetup-job-temp-allocator-block-size-background=1048576"
    "memorysetup-job-temp-allocator-reduction-small-platforms=262144"
    "memorysetup-allocator-temp-initial-block-size-main=262144"
    "memorysetup-allocator-temp-initial-block-size-worker=262144"
    "memorysetup-temp-allocator-size-background-worker=32768"
    "memorysetup-temp-allocator-size-job-worker=262144"
    "memorysetup-temp-allocator-size-preload-manager=33554432"
    "memorysetup-temp-allocator-size-nav-mesh-worker=65536"
    "memorysetup-temp-allocator-size-audio-worker=65536"
    "memorysetup-temp-allocator-size-cloud-worker=32768"
    "memorysetup-temp-allocator-size-gi-baking-worker=262144"
    "memorysetup-temp-allocator-size-gfx=262144"
Player connection [14792] Host "[IP] 192.168.140.1 [Port] 0 [Flags] 2 [Guid] 4087604797 [EditorId] 4087604797 [Version] 1048832 [Id] WindowsEditor(7,DrMikey) [Debug] 1 [PackageName] WindowsEditor [ProjectName] Editor" joined multi-casting on [225.0.0.222:54997]...

Player connection [14792] Host "[IP] 192.168.140.1 [Port] 0 [Flags] 2 [Guid] 4087604797 [EditorId] 4087604797 [Version] 1048832 [Id] WindowsEditor(7,DrMikey) [Debug] 1 [PackageName] WindowsEditor [ProjectName] Editor" joined alternative multi-casting on [225.0.0.222:34997]...

[Physics::Module] Initialized MultithreadedJobDispatcher with 31 workers.
Refreshing native plugins compatible for Editor in 18.33 ms, found 3 plugins.
Preloading 0 native plugins for Editor in 0.00 ms.
Initialize engine version: 2022.3.17f1c1 (a01dafa986ec)
[Subsystems] Discovering subsystems at path G:/Unity 2021.1.0f1c1/2022.3.17f1c1/Editor/Data/Resources/UnitySubsystems
[Subsystems] Discovering subsystems at path G:/Unity 2021.1.0f1c1/Tank/Assets
GfxDevice: creating device client; threaded=0; jobified=0
Direct3D:
    Version:  Direct3D 11.0 [level 11.1]
    Renderer: NVIDIA GeForce RTX 4060 Laptop GPU (ID=0x28e0)
    Vendor:   NVIDIA
    VRAM:     7956 MB
    Driver:   32.0.15.9186
Initialize mono
Mono path[0] = 'G:/Unity 2021.1.0f1c1/2022.3.17f1c1/Editor/Data/Managed'
Mono path[1] = 'G:/Unity 2021.1.0f1c1/2022.3.17f1c1/Editor/Data/MonoBleedingEdge/lib/mono/unityjit-win32'
Mono config path = 'G:/Unity 2021.1.0f1c1/2022.3.17f1c1/Editor/Data/MonoBleedingEdge/etc'
Using monoOptions --debugger-agent=transport=dt_socket,embedding=1,server=y,suspend=n,address=127.0.0.1:56460
Begin MonoManager ReloadAssembly
Registering precompiled unity dll's ...
Register platform support module: G:/Unity 2021.1.0f1c1/2022.3.17f1c1/Editor/Data/PlaybackEngines/WebGLSupport/UnityEditor.WebGL.Extensions.dll
Register platform support module: G:/Unity 2021.1.0f1c1/2022.3.17f1c1/Editor/Data/PlaybackEngines/AndroidPlayer/UnityEditor.Android.Extensions.dll
Register platform support module: G:/Unity 2021.1.0f1c1/2022.3.17f1c1/Editor/Data/PlaybackEngines/iOSSupport/UnityEditor.iOS.Extensions.dll
Register platform support module: G:/Unity 2021.1.0f1c1/2022.3.17f1c1/Editor/Data/PlaybackEngines/WindowsStandaloneSupport/UnityEditor.WindowsStandalone.Extensions.dll
Register platform support module: G:/Unity 2021.1.0f1c1/2022.3.17f1c1/Editor/Data/PlaybackEngines/MetroSupport/UnityEditor.UWP.Extensions.dll
Registered in 0.021089 seconds.
- Loaded All Assemblies, in  0.329 seconds
Native extension for UWP target not found
Native extension for WindowsStandalone target not found
[usbmuxd] Start listen thread
[usbmuxd] Listen thread started
Native extension for iOS target not found
Native extension for Android target not found
Android Extension - Scanning For ADB Devices 274 ms
Native extension for WebGL target not found
Mono: successfully reloaded assembly
- Finished resetting the current domain, in  0.496 seconds
Domain Reload Profiling: 817ms
	BeginReloadAssembly (117ms)
		ExecutionOrderSort (0ms)
		DisableScriptedObjects (0ms)
		BackupInstance (0ms)
		ReleaseScriptingObjects (0ms)
		CreateAndSetChildDomain (0ms)
	RebuildCommonClasses (24ms)
	RebuildNativeTypeToScriptingClass (6ms)
	initialDomainReloadingComplete (65ms)
	LoadAllAssembliesAndSetupDomain (109ms)
		LoadAssemblies (112ms)
		RebuildTransferFunctionScriptingTraits (0ms)
		AnalyzeDomain (105ms)
			TypeCache.Refresh (104ms)
				TypeCache.ScanAssembly (94ms)
			ScanForSourceGeneratedMonoScriptInfo (0ms)
			ResolveRequiredComponents (0ms)
	FinalizeReload (496ms)
		ReleaseScriptCaches (0ms)
		RebuildScriptCaches (0ms)
		SetupLoadedEditorAssemblies (462ms)
			LogAssemblyErrors (0ms)
			InitializePlatformSupportModulesInManaged (363ms)
			SetLoadedEditorAssemblies (2ms)
			RefreshPlugins (0ms)
			BeforeProcessingInitializeOnLoad (1ms)
			ProcessInitializeOnLoadAttributes (65ms)
			ProcessInitializeOnLoadMethodAttributes (30ms)
			AfterProcessingInitializeOnLoad (0ms)
			EditorAssembliesLoaded (0ms)
		ExecutionOrderSort2 (0ms)
		AwakeInstancesAfterBackupRestoration (0ms)
========================================================================
Worker process is ready to serve import requests
Begin MonoManager ReloadAssembly
- Loaded All Assemblies, in  0.577 seconds
Refreshing native plugins compatible for Editor in 8.39 ms, found 3 plugins.
Native extension for UWP target not found
Native extension for WindowsStandalone target not found
Native extension for iOS target not found
Native extension for Android target not found
Native extension for WebGL target not found
Package Manager log level set to [2]
[Package Manager] Server::EnsureServerProcessIsRunning -- launch failed, reason: Unity was launched with the -noUpm command-line argument
[Package Manager] UpmClient::Send -- Unable to send message (not connected to UPM process).
[Package Manager] Cannot connect to Unity Package Manager local server
Mono: successfully reloaded assembly
- Finished resetting the current domain, in  0.435 seconds
Domain Reload Profiling: 1000ms
	BeginReloadAssembly (156ms)
		ExecutionOrderSort (0ms)
		DisableScriptedObjects (3ms)
		BackupInstance (0ms)
		ReleaseScriptingObjects (0ms)
		CreateAndSetChildDomain (14ms)
	RebuildCommonClasses (24ms)
	RebuildNativeTypeToScriptingClass (7ms)
	initialDomainReloadingComplete (45ms)
	LoadAllAssembliesAndSetupDomain (333ms)
		LoadAssemblies (324ms)
		RebuildTransferFunctionScriptingTraits (0ms)
		AnalyzeDomain (119ms)
			TypeCache.Refresh (106ms)
				TypeCache.ScanAssembly (93ms)
			ScanForSourceGeneratedMonoScriptInfo (8ms)
			ResolveRequiredComponents (3ms)
	FinalizeReload (436ms)
		ReleaseScriptCaches (0ms)
		RebuildScriptCaches (0ms)
		SetupLoadedEditorAssemblies (341ms)
			LogAssemblyErrors (0ms)
			InitializePlatformSupportModulesInManaged (36ms)
			SetLoadedEditorAssemblies (3ms)
			RefreshPlugins (0ms)
			BeforeProcessingInitializeOnLoad (55ms)
			ProcessInitializeOnLoadAttributes (217ms)
			ProcessInitializeOnLoadMethodAttributes (14ms)
			AfterProcessingInitializeOnLoad (18ms)
			EditorAssembliesLoaded (0ms)
		ExecutionOrderSort2 (0ms)
		AwakeInstancesAfterBackupRestoration (6ms)
Launched and connected shader compiler UnityShaderCompiler.exe after 0.06 seconds
Refreshing native plugins compatible for Editor in 24.70 ms, found 3 plugins.
Preloading 0 native plugins for Editor in 0.00 ms.
Unloading 3100 Unused Serialized files (Serialized files now loaded: 0)
Unloading 32 unused Assets / (56.9 KB). Loaded Objects now: 3566.
Memory consumption went from 130.4 MB to 130.3 MB.
Total: 2.698800 ms (FindLiveObjects: 0.157100 ms CreateObjectMapping: 0.050700 ms MarkObjects: 2.407000 ms  DeleteObjects: 0.083200 ms)

AssetImportParameters requested are different than current active one (requested -> active):
  custom:container-demuxer-ogg: 62fdf1f143b41e24485cea50d1cbac27 -> 
  custom:video-codec-MediaFoundation-h265: 746d11721c4dcdbdad8f713fa42b33f4 -> 
  custom:video-decoder-ogg-theora: a1e56fd34408186e4bbccfd4996cb3dc -> 
  custom:framework-win-MediaFoundation: 216162199b28c13a410421893ffa2e32 -> 
  custom:scripting/monoscript/fileName/NewBehaviourScript.cs: b21687ddb03d73bd9f0c1daecb9714de -> 
  custom:CustomObjectIndexerAttribute: 6d391050e5a25f67b0a2c618074f2cd9 -> 
  custom:container-demuxer-webm: 4f35f7cbe854078d1ac9338744f61a02 -> 
  custom:container-muxer-webm: aa71ff27fc2769a1b78a27578f13a17b -> 
  custom:video-decoder-webm-vp8: 9c59270c3fd7afecdb556c50c9e8de78 -> 
  custom:SearchIndexIgnoredProperties: e643bd26f0fe6173181afceb89e7c659 -> 
  custom:AudioImporter_EditorPlatform: d09bf68614088b80899f8185d706f6e7 -> 
  custom:video-encoder-webm-vp8: eb34c28f22e8b96e1ab97ce403110664 -> 
  custom:audio-decoder-ogg-vorbis: bf7c407c2cedff20999df2af8eb42d56 -> 
  custom:audio-encoder-webm-vorbis: bf7c407c2cedff20999df2af8eb42d56 -> 
========================================================================
Received Import Request.
  Time since last request: 64289.224727 seconds.
  path: Assets/ArtRes/TDSTK/Icons/Temp/ExplosionShards.png
  artifactKey: Guid(5b1cbac9bff093e418e45485f2bec272) Importer(815301076,1909f56bfc062723c751e8b465ee728b)
Start importing Assets/ArtRes/TDSTK/Icons/Temp/ExplosionShards.png using Guid(5b1cbac9bff093e418e45485f2bec272) Importer(815301076,1909f56bfc062723c751e8b465ee728b)  -> (artifact id: '2f9823ed423d0d6a5d76b5667f54851e') in 0.067233 seconds
Number of updated asset objects reloaded before import = 0
Number of asset objects unloaded after import = 3
========================================================================
Received Import Request.
  Time since last request: 0.999734 seconds.
  path: Assets/ArtRes/TDSTK/Icons/Fist.png
  artifactKey: Guid(85239e80611008948ad8a3a7e0636015) Importer(815301076,1909f56bfc062723c751e8b465ee728b)
Start importing Assets/ArtRes/TDSTK/Icons/Fist.png using Guid(85239e80611008948ad8a3a7e0636015) Importer(815301076,1909f56bfc062723c751e8b465ee728b)  -> (artifact id: '81e0325cd5aa60c32a5d9a63f49bda70') in 0.009476 seconds
Number of updated asset objects reloaded before import = 0
Number of asset objects unloaded after import = 3
========================================================================
Received Import Request.
  Time since last request: 0.043122 seconds.
  path: Assets/ArtRes/TDSTK/Icons/Forst.png
  artifactKey: Guid(66dbdb397006d4e4e837f1dce393f525) Importer(815301076,1909f56bfc062723c751e8b465ee728b)
Start importing Assets/ArtRes/TDSTK/Icons/Forst.png using Guid(66dbdb397006d4e4e837f1dce393f525) Importer(815301076,1909f56bfc062723c751e8b465ee728b)  -> (artifact id: '4ca3743739b508713976cbb46cd5b85c') in 0.009507 seconds
Number of updated asset objects reloaded before import = 0
Number of asset objects unloaded after import = 3
========================================================================
Received Import Request.
  Time since last request: 0.000017 seconds.
  path: Assets/ArtRes/TDSTK/Icons/GradualArrow.png
  artifactKey: Guid(f84dafb7a8ef6fb4e977200d5dd4c392) Importer(815301076,1909f56bfc062723c751e8b465ee728b)
Start importing Assets/ArtRes/TDSTK/Icons/GradualArrow.png using Guid(f84dafb7a8ef6fb4e977200d5dd4c392) Importer(815301076,1909f56bfc062723c751e8b465ee728b)  -> (artifact id: '4d79d4824a62294f0dcad247a3b10070') in 0.008601 seconds
Number of updated asset objects reloaded before import = 0
Number of asset objects unloaded after import = 3
========================================================================
Received Import Request.
  Time since last request: 0.364352 seconds.
  path: Assets/ArtRes/TDSTK/Textures&Materials/Grid/Grid.psd
  artifactKey: Guid(003486d835e4cc04e9716c9a0bc2105a) Importer(815301076,1909f56bfc062723c751e8b465ee728b)
Start importing Assets/ArtRes/TDSTK/Textures&Materials/Grid/Grid.psd using Guid(003486d835e4cc04e9716c9a0bc2105a) Importer(815301076,1909f56bfc062723c751e8b465ee728b)  -> (artifact id: '2706315ecb29450288fb2a48d43f1cd1') in 0.017990 seconds
Number of updated asset objects reloaded before import = 0
Number of asset objects unloaded after import = 2
========================================================================
Received Import Request.
  Time since last request: 0.000098 seconds.
  path: Assets/ArtRes/TDSTK/Icons/Heart.png
  artifactKey: Guid(605b184a44c2bd744b491adfd34029bd) Importer(815301076,1909f56bfc062723c751e8b465ee728b)
Start importing Assets/ArtRes/TDSTK/Icons/Heart.png using Guid(605b184a44c2bd744b491adfd34029bd) Importer(815301076,1909f56bfc062723c751e8b465ee728b)  -> (artifact id: '539aa0076c64bc503125f9487fdd03bb') in 0.010277 seconds
Number of updated asset objects reloaded before import = 0
Number of asset objects unloaded after import = 3
========================================================================
Received Import Request.
  Time since last request: 0.000013 seconds.
  path: Assets/ArtRes/TDSTK/Textures&Materials/Lightning.png
  artifactKey: Guid(70886b01422ac5148ade1e02db759e92) Importer(815301076,1909f56bfc062723c751e8b465ee728b)
Start importing Assets/ArtRes/TDSTK/Textures&Materials/Lightning.png using Guid(70886b01422ac5148ade1e02db759e92) Importer(815301076,1909f56bfc062723c751e8b465ee728b)  -> (artifact id: 'caa08bf504cade60f6af92bfe7fc4bd9') in 0.007640 seconds
Number of updated asset objects reloaded before import = 0
Number of asset objects unloaded after import = 2
========================================================================
Received Import Request.
  Time since last request: 0.019276 seconds.
  path: Assets/ArtRes/TDSTK/Model/MiniTanks&Towers_Overlay.psd
  artifactKey: Guid(d6af933914b5da64ba572983c6e248ba) Importer(815301076,1909f56bfc062723c751e8b465ee728b)
Start importing Assets/ArtRes/TDSTK/Model/MiniTanks&Towers_Overlay.psd using Guid(d6af933914b5da64ba572983c6e248ba) Importer(815301076,1909f56bfc062723c751e8b465ee728b)  -> (artifact id: 'dc0b3ac4095f07d4515a5ea68c602230') in 0.025683 seconds
Number of updated asset objects reloaded before import = 0
Number of asset objects unloaded after import = 2
========================================================================
Received Import Request.
  Time since last request: 0.424799 seconds.
  path: Assets/ArtRes/TDSTK/Icons/Reaction.png
  artifactKey: Guid(8fb8fee5a7be32241b8b66e34c612c5c) Importer(815301076,1909f56bfc062723c751e8b465ee728b)
Start importing Assets/ArtRes/TDSTK/Icons/Reaction.png using Guid(8fb8fee5a7be32241b8b66e34c612c5c) Importer(815301076,1909f56bfc062723c751e8b465ee728b)  -> (artifact id: '651d83bd03ef1251a4f7453bbc184884') in 0.009478 seconds
Number of updated asset objects reloaded before import = 0
Number of asset objects unloaded after import = 3
========================================================================
Received Import Request.
  Time since last request: 0.000027 seconds.
  path: Assets/ArtRes/TDSTK/Icons/RedCross.png
  artifactKey: Guid(30d450cf9c95b20439cb0c2cb68ac550) Importer(815301076,1909f56bfc062723c751e8b465ee728b)
Start importing Assets/ArtRes/TDSTK/Icons/RedCross.png using Guid(30d450cf9c95b20439cb0c2cb68ac550) Importer(815301076,1909f56bfc062723c751e8b465ee728b)  -> (artifact id: 'eeaa53660e9fbbbfc4731fe51304add5') in 0.008178 seconds
Number of updated asset objects reloaded before import = 0
Number of asset objects unloaded after import = 3
========================================================================
Received Import Request.
  Time since last request: 0.482940 seconds.
  path: Assets/ArtRes/TDSTK/Icons/Temp/Scan.png
  artifactKey: Guid(5a2f9439097f1dc42be9ceed952f8271) Importer(815301076,1909f56bfc062723c751e8b465ee728b)
Start importing Assets/ArtRes/TDSTK/Icons/Temp/Scan.png using Guid(5a2f9439097f1dc42be9ceed952f8271) Importer(815301076,1909f56bfc062723c751e8b465ee728b)  -> (artifact id: '1fb733a9e224e157fe8f1b525658054d') in 0.010082 seconds
Number of updated asset objects reloaded before import = 0
Number of asset objects unloaded after import = 3
========================================================================
Received Import Request.
  Time since last request: 0.000086 seconds.
  path: Assets/ArtRes/TDSTK/Icons/Shatter.png
  artifactKey: Guid(28d1902e88d9d7a4ebe7d37363de8131) Importer(815301076,1909f56bfc062723c751e8b465ee728b)
Start importing Assets/ArtRes/TDSTK/Icons/Shatter.png using Guid(28d1902e88d9d7a4ebe7d37363de8131) Importer(815301076,1909f56bfc062723c751e8b465ee728b)  -> (artifact id: 'f95c1b6ac1ed3b51b663eab1186102a1') in 0.008908 seconds
Number of updated asset objects reloaded before import = 0
Number of asset objects unloaded after import = 3
========================================================================
Received Import Request.
  Time since last request: 3.126447 seconds.
  path: Assets/ArtRes/TDSTK/Icons/Shield.png
  artifactKey: Guid(36d4334467d3aed4abc8621a0357f71f) Importer(815301076,1909f56bfc062723c751e8b465ee728b)
Start importing Assets/ArtRes/TDSTK/Icons/Shield.png using Guid(36d4334467d3aed4abc8621a0357f71f) Importer(815301076,1909f56bfc062723c751e8b465ee728b)  -> (artifact id: 'af62c36a19b18cf0b7a6d756780e508f') in 0.085729 seconds
Number of updated asset objects reloaded before import = 0
Number of asset objects unloaded after import = 3
========================================================================
Received Import Request.
  Time since last request: 0.049233 seconds.
  path: Assets/ArtRes/TDSTK/Icons/Temp/Spanner.png
  artifactKey: Guid(8fdbb2c73baadeb429434e4fd051471c) Importer(815301076,1909f56bfc062723c751e8b465ee728b)
Start importing Assets/ArtRes/TDSTK/Icons/Temp/Spanner.png using Guid(8fdbb2c73baadeb429434e4fd051471c) Importer(815301076,1909f56bfc062723c751e8b465ee728b)  -> (artifact id: '1b011aeb2eafc8b8ca1e3da16d9c63dc') in 0.152639 seconds
Number of updated asset objects reloaded before import = 0
Number of asset objects unloaded after import = 3
========================================================================
Received Import Request.
  Time since last request: 0.078179 seconds.
  path: Assets/ArtRes/TDSTK/Icons/Unit_Tank2.png
  artifactKey: Guid(dad15d41e43dcaa4f801f247188db0f7) Importer(815301076,1909f56bfc062723c751e8b465ee728b)
Start importing Assets/ArtRes/TDSTK/Icons/Unit_Tank2.png using Guid(dad15d41e43dcaa4f801f247188db0f7) Importer(815301076,1909f56bfc062723c751e8b465ee728b)  -> (artifact id: '4d7417da80ae27d8a92fe5ca2546176a') in 0.020189 seconds
Number of updated asset objects reloaded before import = 0
Number of asset objects unloaded after import = 3
========================================================================
Received Import Request.
  Time since last request: 0.000125 seconds.
  path: Assets/ArtRes/TDSTK/Icons/Unit_Tower2.png
  artifactKey: Guid(348a813084189d1468d7ee21e7806a77) Importer(815301076,1909f56bfc062723c751e8b465ee728b)
Start importing Assets/ArtRes/TDSTK/Icons/Unit_Tower2.png using Guid(348a813084189d1468d7ee21e7806a77) Importer(815301076,1909f56bfc062723c751e8b465ee728b)  -> (artifact id: 'a115eeabc9d4d491ee92d9f9cde33331') in 0.134326 seconds
Number of updated asset objects reloaded before import = 0
Number of asset objects unloaded after import = 3
Editor requested this worker to shutdown with reason: Scaling down because of idle timeout
TcpMessagingSession - receive error: operation aborted. errorcode: 995, details: 由于线程退出或应用程序请求，已中止 I/O 操作。
AssetImportWorker is now disconnected from the server
Process exiting
Exiting without the bug reporter. Application will terminate with return code 0